<?xml version="1.0" encoding="UTF-8"?>
<testsuite name="com.bridgelabz.LinkedListTest" tests="3" skipped="0" failures="0" errors="0" timestamp="2021-06-11T11:39:09" hostname="DESKTOP-I19OHT9" time="0.023">
  <properties/>
  <testcase name="given3NumbersWhenAppendedShouldBeAddedToLast" classname="com.bridgelabz.LinkedListTest" time="0.02"/>
  <testcase name="given3NumbersWhenAddedToLinkedListShouldBeAddedToTheTop" classname="com.bridgelabz.LinkedListTest" time="0.001"/>
  <testcase name="given3NumberWhenInsertingSecondInBetweenShouldPassedLInked" classname="com.bridgelabz.LinkedListTest" time="0.001"/>
  <system-out><![CDATA[56->30->70
56->30->70
56->30->70
]]></system-out>
  <system-err><![CDATA[]]></system-err>
</testsuite>
