<?xml version="1.0" encoding="UTF-8"?>
<testsuite name="com.bridgelabz.LinkedListTest" tests="1" skipped="0" failures="0" errors="0" timestamp="2021-06-11T17:02:07" hostname="DESKTOP-I19OHT9" time="0.02">
  <properties/>
  <testcase name="givenElement_WhenSearch_ShouldPassedLinkedListResult" classname="com.bridgelabz.LinkedListTest" time="0.02"/>
  <system-out><![CDATA[56->30->70
]]></system-out>
  <system-err><![CDATA[]]></system-err>
</testsuite>
