<?xml version="1.0" encoding="UTF-8"?>
<testsuite name="com.bridgelabz.MyNodeTest" tests="2" skipped="0" failures="0" errors="0" timestamp="2021-06-14T19:16:46" hostname="DESKTOP-I19OHT9" time="0.001">
  <properties/>
  <testcase name="givenCallShouldPrintWelcomeMessage" classname="com.bridgelabz.MyNodeTest" time="0.001"/>
  <testcase name="GivenThreeNumbersWhenLinkedShouldPassLinkedListTest" classname="com.bridgelabz.MyNodeTest" time="0.0"/>
  <system-out><![CDATA[Welcome to the Data Structure Problem
]]></system-out>
  <system-err><![CDATA[]]></system-err>
</testsuite>
