<?xml version="1.0" encoding="UTF-8"?>
<testsuite name="com.bridgelabz.MyNodeTest" tests="1" skipped="0" failures="0" errors="0" timestamp="2021-06-16T05:37:25" hostname="DESKTOP-I19OHT9" time="0.0">
  <properties/>
  <testcase name="GivenThreeNumbersWhenLinkedShouldPassLinkedListTest" classname="com.bridgelabz.MyNodeTest" time="0.0"/>
  <system-out><![CDATA[]]></system-out>
  <system-err><![CDATA[]]></system-err>
</testsuite>
