<?xml version="1.0" encoding="UTF-8"?>
<testsuite name="com.bridgelabz.LinkedListTest" tests="2" skipped="0" failures="0" errors="0" timestamp="2021-06-11T10:07:39" hostname="DESKTOP-I19OHT9" time="0.022">
  <properties/>
  <testcase name="given3NumbersWhenAppendedShouldBeAddedToLast" classname="com.bridgelabz.LinkedListTest" time="0.02"/>
  <testcase name="given3NumbersWhenAddedToLinkedListShouldBeAddedToTheTop" classname="com.bridgelabz.LinkedListTest" time="0.0"/>
  <system-out><![CDATA[56->30->70
56->30->70
]]></system-out>
  <system-err><![CDATA[]]></system-err>
</testsuite>
