<?xml version="1.0" encoding="UTF-8"?>
<testsuite name="LinkedListTest" tests="1" skipped="0" failures="0" errors="0" timestamp="2021-06-10T17:14:52" hostname="DESKTOP-I19OHT9" time="0.015">
  <properties/>
  <testcase name="givenThreeNumber_whenAddedToLinkedListShouldBeAddedToTheTop" classname="LinkedListTest" time="0.015"/>
  <system-out><![CDATA[70->30->56]]></system-out>
  <system-err><![CDATA[]]></system-err>
</testsuite>
